RUN	helpdesk.HelpdeskSimulation	helpdesksimulation	1693162431374	 	3.9.5
USER	Create Ticket	START	1693162432162
REQUEST	Login	/	1693162432205	1693162432473	OK	 
REQUEST	Login	/login/?next=/	1693162432509	1693162432639	OK	 
REQUEST	Login	/login/	1693162432678	1693162433201	OK	 
REQUEST	Login	/login/ Redirect 1	1693162433204	1693162433382	OK	 
REQUEST	Login	/login/ Redirect 2	1693162433384	1693162433826	OK	 
REQUEST	Login	/datatables_ticket_list/__URL__	1693162433881	1693162434220	OK	 
GROUP	Login	1693162432159	1693162434362	2027	OK
REQUEST	Create Ticket	/tickets/submit/	1693162434363	1693162434586	OK	 
REQUEST	Create Ticket	POST /tickets/submit/	1693162434603	1693162434965	OK	 
REQUEST	Create Ticket	POST /tickets/submit/ Redirect 1	1693162434966	1693162435242	OK	 
GROUP	Create Ticket	1693162434363	1693162435243	861	OK
REQUEST	Login	/	1693162435245	1693162435428	OK	 
REQUEST	Login	/ Redirect 1	1693162435430	1693162436379	OK	 
REQUEST	Login	/login/?next=/	1693162436381	1693162436572	OK	 
REQUEST	Login	/login/	1693162436575	1693162437073	OK	 
REQUEST	Login	/login/ Redirect 1	1693162437076	1693162437239	OK	 
REQUEST	Login	/login/ Redirect 2	1693162437240	1693162437554	OK	 
REQUEST	Login	/datatables_ticket_list/__URL__	1693162437559	1693162437890	OK	 
GROUP	Login	1693162435244	1693162437893	2633	OK
REQUEST	Create Ticket	/tickets/submit/	1693162437894	1693162438122	OK	 
REQUEST	Create Ticket	POST /tickets/submit/	1693162438127	1693162438343	OK	 
REQUEST	Create Ticket	POST /tickets/submit/ Redirect 1	1693162438345	1693162438646	OK	 
GROUP	Create Ticket	1693162437893	1693162438647	745	OK
REQUEST	Login	/	1693162438648	1693162438811	OK	 
REQUEST	Login	/ Redirect 1	1693162438813	1693162439076	OK	 
REQUEST	Login	/login/?next=/	1693162439078	1693162439244	OK	 
REQUEST	Login	/login/	1693162439248	1693162439886	OK	 
REQUEST	Login	/login/ Redirect 1	1693162439888	1693162440084	OK	 
REQUEST	Login	/login/ Redirect 2	1693162440086	1693162440366	OK	 
REQUEST	Login	/datatables_ticket_list/__URL__	1693162440369	1693162440753	OK	 
GROUP	Login	1693162438647	1693162440758	2096	OK
REQUEST	Create Ticket	/tickets/submit/	1693162440759	1693162440997	OK	 
REQUEST	Create Ticket	POST /tickets/submit/	1693162440998	1693162441208	OK	 
REQUEST	Create Ticket	POST /tickets/submit/ Redirect 1	1693162441208	1693162441525	OK	 
GROUP	Create Ticket	1693162440758	1693162441525	765	OK
REQUEST	Login	/	1693162441526	1693162441714	OK	 
REQUEST	Login	/ Redirect 1	1693162441715	1693162442118	OK	 
REQUEST	Login	/login/?next=/	1693162442121	1693162442289	OK	 
REQUEST	Login	/login/	1693162442290	1693162442902	OK	 
REQUEST	Login	/login/ Redirect 1	1693162442904	1693162443089	OK	 
REQUEST	Login	/login/ Redirect 2	1693162443090	1693162443455	OK	 
REQUEST	Login	/datatables_ticket_list/__URL__	1693162443458	1693162443761	OK	 
GROUP	Login	1693162441525	1693162443769	2232	OK
REQUEST	Create Ticket	/tickets/submit/	1693162443769	1693162444079	OK	 
REQUEST	Create Ticket	POST /tickets/submit/	1693162444079	1693162444308	OK	 
REQUEST	Create Ticket	POST /tickets/submit/ Redirect 1	1693162444310	1693162444614	OK	 
GROUP	Create Ticket	1693162443769	1693162444615	843	OK
REQUEST	Login	/	1693162444616	1693162444791	OK	 
REQUEST	Login	/ Redirect 1	1693162444793	1693162445239	OK	 
REQUEST	Login	/login/?next=/	1693162445240	1693162445417	OK	 
REQUEST	Login	/login/	1693162445420	1693162445974	OK	 
REQUEST	Login	/login/ Redirect 1	1693162445976	1693162446187	OK	 
REQUEST	Login	/login/ Redirect 2	1693162446190	1693162446628	OK	 
REQUEST	Login	/datatables_ticket_list/__URL__	1693162446633	1693162446949	OK	 
GROUP	Login	1693162444615	1693162446951	2321	OK
REQUEST	Create Ticket	/tickets/submit/	1693162446952	1693162447203	OK	 
REQUEST	Create Ticket	POST /tickets/submit/	1693162447204	1693162447428	OK	 
REQUEST	Create Ticket	POST /tickets/submit/ Redirect 1	1693162447429	1693162447782	OK	 
GROUP	Create Ticket	1693162446951	1693162447783	828	OK
REQUEST	Login	/	1693162447785	1693162447995	OK	 
REQUEST	Login	/ Redirect 1	1693162447997	1693162448272	OK	 
REQUEST	Login	/login/?next=/	1693162448274	1693162448455	OK	 
REQUEST	Login	/login/	1693162448457	1693162449075	OK	 
REQUEST	Login	/login/ Redirect 1	1693162449077	1693162449247	OK	 
REQUEST	Login	/login/ Redirect 2	1693162449248	1693162449682	OK	 
REQUEST	Login	/datatables_ticket_list/__URL__	1693162449683	1693162450005	OK	 
GROUP	Login	1693162447783	1693162450007	2212	OK
REQUEST	Create Ticket	/tickets/submit/	1693162450007	1693162450222	OK	 
REQUEST	Create Ticket	POST /tickets/submit/	1693162450224	1693162450449	OK	 
REQUEST	Create Ticket	POST /tickets/submit/ Redirect 1	1693162450451	1693162450753	OK	 
GROUP	Create Ticket	1693162450007	1693162450753	742	OK
REQUEST	Login	/	1693162450755	1693162450937	OK	 
REQUEST	Login	/ Redirect 1	1693162450939	1693162451199	OK	 
REQUEST	Login	/login/?next=/	1693162451202	1693162451352	OK	 
REQUEST	Login	/login/	1693162451353	1693162451972	OK	 
REQUEST	Login	/login/ Redirect 1	1693162451974	1693162452157	OK	 
REQUEST	Login	/login/ Redirect 2	1693162452157	1693162452461	OK	 
REQUEST	Login	/datatables_ticket_list/__URL__	1693162452466	1693162452818	OK	 
GROUP	Login	1693162450754	1693162452821	2054	OK
REQUEST	Create Ticket	/tickets/submit/	1693162452822	1693162453065	OK	 
REQUEST	Create Ticket	POST /tickets/submit/	1693162453067	1693162453281	OK	 
REQUEST	Create Ticket	POST /tickets/submit/ Redirect 1	1693162453283	1693162453561	OK	 
GROUP	Create Ticket	1693162452822	1693162453562	735	OK
REQUEST	Login	/	1693162453563	1693162453741	OK	 
REQUEST	Login	/ Redirect 1	1693162453742	1693162454074	OK	 
REQUEST	Login	/login/?next=/	1693162454076	1693162454332	OK	 
REQUEST	Login	/login/	1693162454334	1693162454853	OK	 
REQUEST	Login	/login/ Redirect 1	1693162454855	1693162455045	OK	 
REQUEST	Login	/login/ Redirect 2	1693162455046	1693162455396	OK	 
REQUEST	Login	/datatables_ticket_list/__URL__	1693162455400	1693162455713	OK	 
GROUP	Login	1693162453562	1693162455715	2141	OK
REQUEST	Create Ticket	/tickets/submit/	1693162455715	1693162455956	OK	 
REQUEST	Create Ticket	POST /tickets/submit/	1693162455958	1693162456221	OK	 
REQUEST	Create Ticket	POST /tickets/submit/ Redirect 1	1693162456222	1693162456509	OK	 
GROUP	Create Ticket	1693162455715	1693162456509	791	OK
REQUEST	Login	/	1693162456511	1693162456673	OK	 
REQUEST	Login	/ Redirect 1	1693162456675	1693162457279	OK	 
REQUEST	Login	/login/?next=/	1693162457281	1693162457454	OK	 
REQUEST	Login	/login/	1693162457456	1693162458058	OK	 
REQUEST	Login	/login/ Redirect 1	1693162458060	1693162458252	OK	 
REQUEST	Login	/login/ Redirect 2	1693162458253	1693162458680	OK	 
REQUEST	Login	/datatables_ticket_list/__URL__	1693162458684	1693162459047	OK	 
GROUP	Login	1693162456510	1693162459051	2528	OK
REQUEST	Create Ticket	/tickets/submit/	1693162459053	1693162459321	OK	 
REQUEST	Create Ticket	POST /tickets/submit/	1693162459322	1693162459569	OK	 
REQUEST	Create Ticket	POST /tickets/submit/ Redirect 1	1693162459570	1693162459885	OK	 
GROUP	Create Ticket	1693162459052	1693162459885	830	OK
REQUEST	Login	/	1693162459886	1693162460086	OK	 
REQUEST	Login	/ Redirect 1	1693162460086	1693162460488	OK	 
REQUEST	Login	/login/?next=/	1693162460490	1693162460724	OK	 
REQUEST	Login	/login/	1693162460726	1693162461245	OK	 
REQUEST	Login	/login/ Redirect 1	1693162461247	1693162461415	OK	 
REQUEST	Login	/login/ Redirect 2	1693162461417	1693162461757	OK	 
REQUEST	Login	/datatables_ticket_list/__URL__	1693162461759	1693162462112	OK	 
GROUP	Login	1693162459885	1693162462114	2218	OK
REQUEST	Create Ticket	/tickets/submit/	1693162462114	1693162462359	OK	 
REQUEST	Create Ticket	POST /tickets/submit/	1693162462361	1693162462572	OK	 
REQUEST	Create Ticket	POST /tickets/submit/ Redirect 1	1693162462574	1693162462870	OK	 
GROUP	Create Ticket	1693162462114	1693162462871	752	OK
USER	Create Ticket	END	1693162462874
