RUN	helpdesk.HelpdeskSimulation	helpdesksimulation	1693163311160	 	3.9.5
USER	Create Ticket	START	1693163312007
REQUEST	Login	/	1693163312038	1693163312389	OK	 
REQUEST	Login	/login/?next=/	1693163312413	1693163312571	OK	 
REQUEST	Login	/login/	1693163312607	1693163313170	OK	 
REQUEST	Login	/login/ Redirect 1	1693163313182	1693163313377	OK	 
REQUEST	Login	/login/ Redirect 2	1693163313379	1693163313700	OK	 
REQUEST	Login	/datatables_ticket_list/__URL__	1693163313718	1693163314250	OK	 
GROUP	Login	1693163312005	1693163314408	2281	OK
REQUEST	Create Ticket	/tickets/submit/	1693163314409	1693163314610	OK	 
REQUEST	Create Ticket	POST /tickets/submit/	1693163314625	1693163314836	OK	 
REQUEST	Create Ticket	POST /tickets/submit/ Redirect 1	1693163314839	1693163315095	OK	 
GROUP	Create Ticket	1693163314408	1693163315096	668	OK
REQUEST	Login	/	1693163315100	1693163315256	OK	 
REQUEST	Login	/ Redirect 1	1693163315257	1693163315643	OK	 
REQUEST	Login	/login/?next=/	1693163315646	1693163315804	OK	 
REQUEST	Login	/login/	1693163315808	1693163316293	OK	 
REQUEST	Login	/login/ Redirect 1	1693163316296	1693163316481	OK	 
REQUEST	Login	/login/ Redirect 2	1693163316482	1693163316863	OK	 
REQUEST	Login	/datatables_ticket_list/__URL__	1693163316865	1693163317137	OK	 
GROUP	Login	1693163315098	1693163317141	2027	OK
REQUEST	Create Ticket	/tickets/submit/	1693163317142	1693163317354	OK	 
REQUEST	Create Ticket	POST /tickets/submit/	1693163317357	1693163317555	OK	 
REQUEST	Create Ticket	POST /tickets/submit/ Redirect 1	1693163317558	1693163318014	OK	 
GROUP	Create Ticket	1693163317141	1693163318016	866	OK
REQUEST	Login	/	1693163318018	1693163318185	OK	 
REQUEST	Login	/ Redirect 1	1693163318186	1693163318475	OK	 
REQUEST	Login	/login/?next=/	1693163318478	1693163318643	OK	 
REQUEST	Login	/login/	1693163318645	1693163319282	OK	 
REQUEST	Login	/login/ Redirect 1	1693163319285	1693163319458	OK	 
REQUEST	Login	/login/ Redirect 2	1693163319460	1693163319764	OK	 
REQUEST	Login	/datatables_ticket_list/__URL__	1693163319771	1693163320026	OK	 
GROUP	Login	1693163318016	1693163320036	2003	OK
REQUEST	Create Ticket	/tickets/submit/	1693163320037	1693163320302	OK	 
REQUEST	Create Ticket	POST /tickets/submit/	1693163320303	1693163320522	OK	 
REQUEST	Create Ticket	POST /tickets/submit/ Redirect 1	1693163320524	1693163320764	OK	 
GROUP	Create Ticket	1693163320036	1693163320765	724	OK
REQUEST	Login	/	1693163320766	1693163320928	OK	 
REQUEST	Login	/ Redirect 1	1693163320930	1693163321185	OK	 
REQUEST	Login	/login/?next=/	1693163321187	1693163321369	OK	 
REQUEST	Login	/login/	1693163321372	1693163321872	OK	 
REQUEST	Login	/login/ Redirect 1	1693163321873	1693163322029	OK	 
REQUEST	Login	/login/ Redirect 2	1693163322031	1693163322329	OK	 
REQUEST	Login	/datatables_ticket_list/__URL__	1693163322334	1693163322607	OK	 
GROUP	Login	1693163320765	1693163322609	1830	OK
REQUEST	Create Ticket	/tickets/submit/	1693163322610	1693163322812	OK	 
REQUEST	Create Ticket	POST /tickets/submit/	1693163322814	1693163323000	OK	 
REQUEST	Create Ticket	POST /tickets/submit/ Redirect 1	1693163323001	1693163323257	OK	 
GROUP	Create Ticket	1693163322609	1693163323259	644	OK
REQUEST	Login	/	1693163323261	1693163323419	OK	 
REQUEST	Login	/ Redirect 1	1693163323421	1693163323721	OK	 
REQUEST	Login	/login/?next=/	1693163323724	1693163323879	OK	 
REQUEST	Login	/login/	1693163323882	1693163324589	OK	 
REQUEST	Login	/login/ Redirect 1	1693163324593	1693163324789	OK	 
REQUEST	Login	/login/ Redirect 2	1693163324789	1693163325127	OK	 
REQUEST	Login	/datatables_ticket_list/__URL__	1693163325129	1693163325473	OK	 
GROUP	Login	1693163323259	1693163325475	2200	OK
REQUEST	Create Ticket	/tickets/submit/	1693163325475	1693163325786	OK	 
REQUEST	Create Ticket	POST /tickets/submit/	1693163325787	1693163325995	OK	 
REQUEST	Create Ticket	POST /tickets/submit/ Redirect 1	1693163325998	1693163326371	OK	 
GROUP	Create Ticket	1693163325475	1693163326373	892	OK
REQUEST	Login	/	1693163326375	1693163326548	OK	 
REQUEST	Login	/ Redirect 1	1693163326550	1693163326918	OK	 
REQUEST	Login	/login/?next=/	1693163326921	1693163327078	OK	 
REQUEST	Login	/login/	1693163327081	1693163327638	OK	 
REQUEST	Login	/login/ Redirect 1	1693163327640	1693163327807	OK	 
REQUEST	Login	/login/ Redirect 2	1693163327807	1693163328237	OK	 
REQUEST	Login	/datatables_ticket_list/__URL__	1693163328242	1693163328515	OK	 
GROUP	Login	1693163326373	1693163328517	2128	OK
REQUEST	Create Ticket	/tickets/submit/	1693163328518	1693163328749	OK	 
REQUEST	Create Ticket	POST /tickets/submit/	1693163328751	1693163328964	OK	 
REQUEST	Create Ticket	POST /tickets/submit/ Redirect 1	1693163328965	1693163329292	OK	 
GROUP	Create Ticket	1693163328518	1693163329293	771	OK
REQUEST	Login	/	1693163329294	1693163329459	OK	 
REQUEST	Login	/ Redirect 1	1693163329460	1693163329709	OK	 
REQUEST	Login	/login/?next=/	1693163329711	1693163329904	OK	 
REQUEST	Login	/login/	1693163329907	1693163330513	OK	 
REQUEST	Login	/login/ Redirect 1	1693163330514	1693163330675	OK	 
REQUEST	Login	/login/ Redirect 2	1693163330676	1693163330929	OK	 
REQUEST	Login	/datatables_ticket_list/__URL__	1693163330931	1693163331214	OK	 
GROUP	Login	1693163329293	1693163331216	1913	OK
REQUEST	Create Ticket	/tickets/submit/	1693163331216	1693163331490	OK	 
REQUEST	Create Ticket	POST /tickets/submit/	1693163331493	1693163331707	OK	 
REQUEST	Create Ticket	POST /tickets/submit/ Redirect 1	1693163331707	1693163331983	OK	 
GROUP	Create Ticket	1693163331216	1693163331984	764	OK
REQUEST	Login	/	1693163331986	1693163332154	OK	 
REQUEST	Login	/ Redirect 1	1693163332155	1693163332418	OK	 
REQUEST	Login	/login/?next=/	1693163332419	1693163332573	OK	 
REQUEST	Login	/login/	1693163332575	1693163333126	OK	 
REQUEST	Login	/login/ Redirect 1	1693163333128	1693163333293	OK	 
REQUEST	Login	/login/ Redirect 2	1693163333294	1693163333594	OK	 
REQUEST	Login	/datatables_ticket_list/__URL__	1693163333595	1693163333871	OK	 
GROUP	Login	1693163331984	1693163333873	1879	OK
REQUEST	Create Ticket	/tickets/submit/	1693163333874	1693163334100	OK	 
REQUEST	Create Ticket	POST /tickets/submit/	1693163334104	1693163334317	OK	 
REQUEST	Create Ticket	POST /tickets/submit/ Redirect 1	1693163334318	1693163334747	OK	 
GROUP	Create Ticket	1693163333873	1693163334748	868	OK
REQUEST	Login	/	1693163334749	1693163334919	OK	 
REQUEST	Login	/ Redirect 1	1693163334921	1693163335219	OK	 
REQUEST	Login	/login/?next=/	1693163335220	1693163335406	OK	 
REQUEST	Login	/login/	1693163335407	1693163336017	OK	 
REQUEST	Login	/login/ Redirect 1	1693163336019	1693163336192	OK	 
REQUEST	Login	/login/ Redirect 2	1693163336194	1693163336442	OK	 
REQUEST	Login	/datatables_ticket_list/__URL__	1693163336446	1693163336759	OK	 
GROUP	Login	1693163334749	1693163336761	2001	OK
REQUEST	Create Ticket	/tickets/submit/	1693163336762	1693163337072	OK	 
REQUEST	Create Ticket	POST /tickets/submit/	1693163337073	1693163337296	OK	 
REQUEST	Create Ticket	POST /tickets/submit/ Redirect 1	1693163337297	1693163337592	OK	 
GROUP	Create Ticket	1693163336761	1693163337593	828	OK
REQUEST	Login	/	1693163337594	1693163337768	OK	 
REQUEST	Login	/ Redirect 1	1693163337770	1693163338078	OK	 
REQUEST	Login	/login/?next=/	1693163338080	1693163338225	OK	 
REQUEST	Login	/login/	1693163338228	1693163338730	OK	 
REQUEST	Login	/login/ Redirect 1	1693163338732	1693163338903	OK	 
REQUEST	Login	/login/ Redirect 2	1693163338904	1693163339208	OK	 
REQUEST	Login	/datatables_ticket_list/__URL__	1693163339213	1693163339515	OK	 
GROUP	Login	1693163337593	1693163339516	1908	OK
REQUEST	Create Ticket	/tickets/submit/	1693163339517	1693163339750	OK	 
REQUEST	Create Ticket	POST /tickets/submit/	1693163339752	1693163339963	OK	 
REQUEST	Create Ticket	POST /tickets/submit/ Redirect 1	1693163339967	1693163340243	OK	 
GROUP	Create Ticket	1693163339516	1693163340244	720	OK
USER	Create Ticket	END	1693163340247
