RUN	helpdesk.HelpdeskSimulation	helpdesksimulation	1693162010858	 	3.9.5
USER	Create Ticket	START	1693162011837
REQUEST	Login	/	1693162011859	1693162012231	OK	 
REQUEST	Login	/login/?next=/	1693162012285	1693162012443	OK	 
REQUEST	Login	/login/	1693162012481	1693162013181	OK	 
REQUEST	Login	/login/ Redirect 1	1693162013189	1693162013387	OK	 
REQUEST	Login	/login/ Redirect 2	1693162013389	1693162013729	OK	 
REQUEST	Login	/datatables_ticket_list/__URL__	1693162013783	1693162014136	OK	 
GROUP	Login	1693162011835	1693162014297	2286	OK
REQUEST	Create Ticket	/tickets/submit/	1693162014297	1693162014526	OK	 
REQUEST	Create Ticket	POST /tickets/submit/	1693162014547	1693162014804	OK	 
REQUEST	Create Ticket	POST /tickets/submit/ Redirect 1	1693162014805	1693162015114	OK	 
GROUP	Create Ticket	1693162014297	1693162015115	795	OK
REQUEST	Login	/	1693162015118	1693162015295	OK	 
REQUEST	Login	/ Redirect 1	1693162015296	1693162015553	OK	 
REQUEST	Login	/login/?next=/	1693162015555	1693162015701	OK	 
REQUEST	Login	/login/	1693162015704	1693162016214	OK	 
REQUEST	Login	/login/ Redirect 1	1693162016216	1693162016384	OK	 
REQUEST	Login	/login/ Redirect 2	1693162016385	1693162016656	OK	 
REQUEST	Login	/datatables_ticket_list/__URL__	1693162016661	1693162016987	OK	 
GROUP	Login	1693162015116	1693162016997	1866	OK
REQUEST	Create Ticket	/tickets/submit/	1693162016998	1693162017193	OK	 
REQUEST	Create Ticket	POST /tickets/submit/	1693162017194	1693162017394	OK	 
REQUEST	Create Ticket	POST /tickets/submit/ Redirect 1	1693162017395	1693162017641	OK	 
GROUP	Create Ticket	1693162016997	1693162017643	641	OK
REQUEST	Login	/	1693162017645	1693162017809	OK	 
REQUEST	Login	/ Redirect 1	1693162017810	1693162018070	OK	 
REQUEST	Login	/login/?next=/	1693162018071	1693162018220	OK	 
REQUEST	Login	/login/	1693162018221	1693162019016	OK	 
REQUEST	Login	/login/ Redirect 1	1693162019018	1693162019184	OK	 
REQUEST	Login	/login/ Redirect 2	1693162019185	1693162019470	OK	 
REQUEST	Login	/datatables_ticket_list/__URL__	1693162019474	1693162019840	OK	 
GROUP	Login	1693162017643	1693162019842	2187	OK
REQUEST	Create Ticket	/tickets/submit/	1693162019842	1693162020061	OK	 
REQUEST	Create Ticket	POST /tickets/submit/	1693162020062	1693162020276	OK	 
REQUEST	Create Ticket	POST /tickets/submit/ Redirect 1	1693162020277	1693162020686	OK	 
GROUP	Create Ticket	1693162019842	1693162020688	842	OK
REQUEST	Login	/	1693162020689	1693162020870	OK	 
REQUEST	Login	/ Redirect 1	1693162020871	1693162021123	OK	 
REQUEST	Login	/login/?next=/	1693162021125	1693162021266	OK	 
REQUEST	Login	/login/	1693162021268	1693162021794	OK	 
REQUEST	Login	/login/ Redirect 1	1693162021796	1693162021972	OK	 
REQUEST	Login	/login/ Redirect 2	1693162021972	1693162022339	OK	 
REQUEST	Login	/datatables_ticket_list/__URL__	1693162022341	1693162022710	OK	 
GROUP	Login	1693162020688	1693162022716	2019	OK
REQUEST	Create Ticket	/tickets/submit/	1693162022717	1693162023026	OK	 
REQUEST	Create Ticket	POST /tickets/submit/	1693162023027	1693162023225	OK	 
REQUEST	Create Ticket	POST /tickets/submit/ Redirect 1	1693162023227	1693162023632	OK	 
GROUP	Create Ticket	1693162022716	1693162023634	912	OK
REQUEST	Login	/	1693162023636	1693162023813	OK	 
REQUEST	Login	/ Redirect 1	1693162023814	1693162024089	OK	 
REQUEST	Login	/login/?next=/	1693162024089	1693162024240	OK	 
REQUEST	Login	/login/	1693162024241	1693162024743	OK	 
REQUEST	Login	/login/ Redirect 1	1693162024745	1693162024900	OK	 
REQUEST	Login	/login/ Redirect 2	1693162024901	1693162025219	OK	 
REQUEST	Login	/datatables_ticket_list/__URL__	1693162025223	1693162025501	OK	 
GROUP	Login	1693162023635	1693162025507	1863	OK
REQUEST	Create Ticket	/tickets/submit/	1693162025508	1693162025714	OK	 
REQUEST	Create Ticket	POST /tickets/submit/	1693162025716	1693162025908	OK	 
REQUEST	Create Ticket	POST /tickets/submit/ Redirect 1	1693162025909	1693162026158	OK	 
GROUP	Create Ticket	1693162025507	1693162026158	647	OK
REQUEST	Login	/	1693162026159	1693162026329	OK	 
REQUEST	Login	/ Redirect 1	1693162026330	1693162026589	OK	 
REQUEST	Login	/login/?next=/	1693162026591	1693162026748	OK	 
REQUEST	Login	/login/	1693162026750	1693162027340	OK	 
REQUEST	Login	/login/ Redirect 1	1693162027341	1693162027494	OK	 
REQUEST	Login	/login/ Redirect 2	1693162027495	1693162027755	OK	 
REQUEST	Login	/datatables_ticket_list/__URL__	1693162027759	1693162028081	OK	 
GROUP	Login	1693162026158	1693162028087	1917	OK
REQUEST	Create Ticket	/tickets/submit/	1693162028088	1693162028301	OK	 
REQUEST	Create Ticket	POST /tickets/submit/	1693162028302	1693162028520	OK	 
REQUEST	Create Ticket	POST /tickets/submit/ Redirect 1	1693162028521	1693162028791	OK	 
GROUP	Create Ticket	1693162028087	1693162028792	701	OK
REQUEST	Login	/	1693162028793	1693162028951	OK	 
REQUEST	Login	/ Redirect 1	1693162028952	1693162029208	OK	 
REQUEST	Login	/login/?next=/	1693162029210	1693162029347	OK	 
REQUEST	Login	/login/	1693162029350	1693162029882	OK	 
REQUEST	Login	/login/ Redirect 1	1693162029884	1693162030038	OK	 
REQUEST	Login	/login/ Redirect 2	1693162030039	1693162030353	OK	 
REQUEST	Login	/datatables_ticket_list/__URL__	1693162030357	1693162030626	OK	 
GROUP	Login	1693162028792	1693162030631	1825	OK
REQUEST	Create Ticket	/tickets/submit/	1693162030631	1693162030831	OK	 
REQUEST	Create Ticket	POST /tickets/submit/	1693162030833	1693162031030	OK	 
REQUEST	Create Ticket	POST /tickets/submit/ Redirect 1	1693162031030	1693162031279	OK	 
GROUP	Create Ticket	1693162030631	1693162031281	646	OK
REQUEST	Login	/	1693162031283	1693162031450	OK	 
REQUEST	Login	/ Redirect 1	1693162031451	1693162031751	OK	 
REQUEST	Login	/login/?next=/	1693162031752	1693162031892	OK	 
REQUEST	Login	/login/	1693162031894	1693162032397	OK	 
REQUEST	Login	/login/ Redirect 1	1693162032399	1693162032582	OK	 
REQUEST	Login	/login/ Redirect 2	1693162032584	1693162032868	OK	 
REQUEST	Login	/datatables_ticket_list/__URL__	1693162032872	1693162033124	OK	 
GROUP	Login	1693162031282	1693162033131	1837	OK
REQUEST	Create Ticket	/tickets/submit/	1693162033132	1693162033329	OK	 
REQUEST	Create Ticket	POST /tickets/submit/	1693162033332	1693162033531	OK	 
REQUEST	Create Ticket	POST /tickets/submit/ Redirect 1	1693162033532	1693162033796	OK	 
GROUP	Create Ticket	1693162033131	1693162033798	660	OK
REQUEST	Login	/	1693162033800	1693162033984	OK	 
REQUEST	Login	/ Redirect 1	1693162033985	1693162034271	OK	 
REQUEST	Login	/login/?next=/	1693162034272	1693162034418	OK	 
REQUEST	Login	/login/	1693162034421	1693162034893	OK	 
REQUEST	Login	/login/ Redirect 1	1693162034894	1693162035047	OK	 
REQUEST	Login	/login/ Redirect 2	1693162035048	1693162035275	OK	 
REQUEST	Login	/datatables_ticket_list/__URL__	1693162035278	1693162035532	OK	 
GROUP	Login	1693162033798	1693162035535	1726	OK
REQUEST	Create Ticket	/tickets/submit/	1693162035536	1693162035740	OK	 
REQUEST	Create Ticket	POST /tickets/submit/	1693162035742	1693162035931	OK	 
REQUEST	Create Ticket	POST /tickets/submit/ Redirect 1	1693162035932	1693162036244	OK	 
GROUP	Create Ticket	1693162035535	1693162036246	705	OK
REQUEST	Login	/	1693162036248	1693162036426	OK	 
REQUEST	Login	/ Redirect 1	1693162036426	1693162036657	OK	 
REQUEST	Login	/login/?next=/	1693162036659	1693162036800	OK	 
REQUEST	Login	/login/	1693162036803	1693162037437	OK	 
REQUEST	Login	/login/ Redirect 1	1693162037437	1693162037609	OK	 
REQUEST	Login	/login/ Redirect 2	1693162037611	1693162037873	OK	 
REQUEST	Login	/datatables_ticket_list/__URL__	1693162037876	1693162038131	OK	 
GROUP	Login	1693162036246	1693162038135	1878	OK
REQUEST	Create Ticket	/tickets/submit/	1693162038136	1693162038481	OK	 
REQUEST	Create Ticket	POST /tickets/submit/	1693162038481	1693162038686	OK	 
REQUEST	Create Ticket	POST /tickets/submit/ Redirect 1	1693162038687	1693162038950	OK	 
GROUP	Create Ticket	1693162038135	1693162038951	813	OK
USER	Create Ticket	END	1693162038959
