RUN	helpdesk.HelpdeskSimulation	helpdesksimulation	1693162729679	 	3.9.5
USER	Create Ticket	START	1693162730486
REQUEST	Login	/	1693162730506	1693162730708	OK	 
REQUEST	Login	/login/?next=/	1693162730761	1693162730892	OK	 
REQUEST	Login	/login/	1693162730931	1693162731595	OK	 
REQUEST	Login	/login/ Redirect 1	1693162731603	1693162731781	OK	 
REQUEST	Login	/login/ Redirect 2	1693162731783	1693162732078	OK	 
REQUEST	Login	/datatables_ticket_list/__URL__	1693162732137	1693162732491	OK	 
GROUP	Login	1693162730483	1693162732644	1983	OK
REQUEST	Create Ticket	/tickets/submit/	1693162732644	1693162732833	OK	 
REQUEST	Create Ticket	POST /tickets/submit/	1693162732841	1693162733006	OK	 
REQUEST	Create Ticket	POST /tickets/submit/ Redirect 1	1693162733007	1693162733295	OK	 
GROUP	Create Ticket	1693162732644	1693162733296	642	OK
REQUEST	Login	/	1693162733306	1693162733460	OK	 
REQUEST	Login	/ Redirect 1	1693162733461	1693162733705	OK	 
REQUEST	Login	/login/?next=/	1693162733707	1693162733866	OK	 
REQUEST	Login	/login/	1693162733869	1693162734495	OK	 
REQUEST	Login	/login/ Redirect 1	1693162734497	1693162734666	OK	 
REQUEST	Login	/login/ Redirect 2	1693162734667	1693162735091	OK	 
REQUEST	Login	/datatables_ticket_list/__URL__	1693162735095	1693162735439	OK	 
GROUP	Login	1693162733302	1693162735449	2131	OK
REQUEST	Create Ticket	/tickets/submit/	1693162735450	1693162735868	OK	 
REQUEST	Create Ticket	POST /tickets/submit/	1693162735868	1693162736086	OK	 
REQUEST	Create Ticket	POST /tickets/submit/ Redirect 1	1693162736087	1693162736324	OK	 
GROUP	Create Ticket	1693162735450	1693162736326	873	OK
REQUEST	Login	/	1693162736329	1693162736485	OK	 
REQUEST	Login	/ Redirect 1	1693162736486	1693162736724	OK	 
REQUEST	Login	/login/?next=/	1693162736725	1693162736905	OK	 
REQUEST	Login	/login/	1693162736907	1693162737474	OK	 
REQUEST	Login	/login/ Redirect 1	1693162737475	1693162737641	OK	 
REQUEST	Login	/login/ Redirect 2	1693162737642	1693162737881	OK	 
REQUEST	Login	/datatables_ticket_list/__URL__	1693162737885	1693162738195	OK	 
GROUP	Login	1693162736326	1693162738203	1864	OK
REQUEST	Create Ticket	/tickets/submit/	1693162738204	1693162738424	OK	 
REQUEST	Create Ticket	POST /tickets/submit/	1693162738426	1693162738617	OK	 
REQUEST	Create Ticket	POST /tickets/submit/ Redirect 1	1693162738618	1693162738900	OK	 
GROUP	Create Ticket	1693162738203	1693162738902	693	OK
REQUEST	Login	/	1693162738905	1693162739090	OK	 
REQUEST	Login	/ Redirect 1	1693162739091	1693162739352	OK	 
REQUEST	Login	/login/?next=/	1693162739354	1693162739496	OK	 
REQUEST	Login	/login/	1693162739498	1693162740051	OK	 
REQUEST	Login	/login/ Redirect 1	1693162740053	1693162740238	OK	 
REQUEST	Login	/login/ Redirect 2	1693162740239	1693162740612	OK	 
REQUEST	Login	/datatables_ticket_list/__URL__	1693162740617	1693162740895	OK	 
GROUP	Login	1693162738903	1693162740901	1984	OK
REQUEST	Create Ticket	/tickets/submit/	1693162740902	1693162741115	OK	 
REQUEST	Create Ticket	POST /tickets/submit/	1693162741116	1693162741342	OK	 
REQUEST	Create Ticket	POST /tickets/submit/ Redirect 1	1693162741343	1693162741643	OK	 
GROUP	Create Ticket	1693162740902	1693162741645	739	OK
REQUEST	Login	/	1693162741648	1693162741806	OK	 
REQUEST	Login	/ Redirect 1	1693162741807	1693162742066	OK	 
REQUEST	Login	/login/?next=/	1693162742068	1693162742212	OK	 
REQUEST	Login	/login/	1693162742215	1693162742890	OK	 
REQUEST	Login	/login/ Redirect 1	1693162742891	1693162743047	OK	 
REQUEST	Login	/login/ Redirect 2	1693162743048	1693162743276	OK	 
REQUEST	Login	/datatables_ticket_list/__URL__	1693162743280	1693162743564	OK	 
GROUP	Login	1693162741646	1693162743569	1909	OK
REQUEST	Create Ticket	/tickets/submit/	1693162743570	1693162743808	OK	 
REQUEST	Create Ticket	POST /tickets/submit/	1693162743810	1693162744007	OK	 
REQUEST	Create Ticket	POST /tickets/submit/ Redirect 1	1693162744008	1693162744269	OK	 
GROUP	Create Ticket	1693162743569	1693162744271	696	OK
REQUEST	Login	/	1693162744273	1693162744429	OK	 
REQUEST	Login	/ Redirect 1	1693162744430	1693162744662	OK	 
REQUEST	Login	/login/?next=/	1693162744664	1693162744851	OK	 
REQUEST	Login	/login/	1693162744853	1693162745390	OK	 
REQUEST	Login	/login/ Redirect 1	1693162745391	1693162745543	OK	 
REQUEST	Login	/login/ Redirect 2	1693162745544	1693162745772	OK	 
REQUEST	Login	/datatables_ticket_list/__URL__	1693162745774	1693162746317	OK	 
GROUP	Login	1693162744271	1693162746322	2040	OK
REQUEST	Create Ticket	/tickets/submit/	1693162746323	1693162746529	OK	 
REQUEST	Create Ticket	POST /tickets/submit/	1693162746530	1693162746725	OK	 
REQUEST	Create Ticket	POST /tickets/submit/ Redirect 1	1693162746726	1693162746990	OK	 
GROUP	Create Ticket	1693162746322	1693162746992	665	OK
REQUEST	Login	/	1693162746995	1693162747163	OK	 
REQUEST	Login	/ Redirect 1	1693162747164	1693162747389	OK	 
REQUEST	Login	/login/?next=/	1693162747391	1693162747525	OK	 
REQUEST	Login	/login/	1693162747528	1693162748015	OK	 
REQUEST	Login	/login/ Redirect 1	1693162748017	1693162748170	OK	 
REQUEST	Login	/login/ Redirect 2	1693162748171	1693162748394	OK	 
REQUEST	Login	/datatables_ticket_list/__URL__	1693162748398	1693162748642	OK	 
GROUP	Login	1693162746993	1693162748647	1640	OK
REQUEST	Create Ticket	/tickets/submit/	1693162748648	1693162748873	OK	 
REQUEST	Create Ticket	POST /tickets/submit/	1693162748876	1693162749088	OK	 
REQUEST	Create Ticket	POST /tickets/submit/ Redirect 1	1693162749089	1693162749394	OK	 
GROUP	Create Ticket	1693162748647	1693162749396	742	OK
REQUEST	Login	/	1693162749398	1693162749554	OK	 
REQUEST	Login	/ Redirect 1	1693162749555	1693162749779	OK	 
REQUEST	Login	/login/?next=/	1693162749781	1693162749922	OK	 
REQUEST	Login	/login/	1693162749925	1693162750519	OK	 
REQUEST	Login	/login/ Redirect 1	1693162750521	1693162750706	OK	 
REQUEST	Login	/login/ Redirect 2	1693162750707	1693162750966	OK	 
REQUEST	Login	/datatables_ticket_list/__URL__	1693162750969	1693162751222	OK	 
GROUP	Login	1693162749396	1693162751223	1813	OK
REQUEST	Create Ticket	/tickets/submit/	1693162751224	1693162751416	OK	 
REQUEST	Create Ticket	POST /tickets/submit/	1693162751418	1693162751669	OK	 
REQUEST	Create Ticket	POST /tickets/submit/ Redirect 1	1693162751670	1693162751953	OK	 
GROUP	Create Ticket	1693162751223	1693162751955	726	OK
REQUEST	Login	/	1693162751957	1693162752121	OK	 
REQUEST	Login	/ Redirect 1	1693162752122	1693162752370	OK	 
REQUEST	Login	/login/?next=/	1693162752372	1693162752548	OK	 
REQUEST	Login	/login/	1693162752550	1693162753158	OK	 
REQUEST	Login	/login/ Redirect 1	1693162753159	1693162753354	OK	 
REQUEST	Login	/login/ Redirect 2	1693162753355	1693162753595	OK	 
REQUEST	Login	/datatables_ticket_list/__URL__	1693162753599	1693162753930	OK	 
GROUP	Login	1693162751956	1693162753934	1967	OK
REQUEST	Create Ticket	/tickets/submit/	1693162753934	1693162754132	OK	 
REQUEST	Create Ticket	POST /tickets/submit/	1693162754133	1693162754318	OK	 
REQUEST	Create Ticket	POST /tickets/submit/ Redirect 1	1693162754318	1693162754566	OK	 
GROUP	Create Ticket	1693162753934	1693162754568	631	OK
REQUEST	Login	/	1693162754570	1693162754720	OK	 
REQUEST	Login	/ Redirect 1	1693162754721	1693162755062	OK	 
REQUEST	Login	/login/?next=/	1693162755064	1693162755216	OK	 
REQUEST	Login	/login/	1693162755217	1693162755712	OK	 
REQUEST	Login	/login/ Redirect 1	1693162755714	1693162755870	OK	 
REQUEST	Login	/login/ Redirect 2	1693162755871	1693162756296	OK	 
REQUEST	Login	/datatables_ticket_list/__URL__	1693162756298	1693162756837	OK	 
GROUP	Login	1693162754569	1693162756838	2259	OK
REQUEST	Create Ticket	/tickets/submit/	1693162756839	1693162757048	OK	 
REQUEST	Create Ticket	POST /tickets/submit/	1693162757050	1693162757256	OK	 
REQUEST	Create Ticket	POST /tickets/submit/ Redirect 1	1693162757256	1693162757496	OK	 
GROUP	Create Ticket	1693162756838	1693162757497	655	OK
USER	Create Ticket	END	1693162757503
