RUN	helpdesk.HelpdeskSimulation	helpdesksimulation	1694205550212	 	3.9.5
USER	Create User	START	1694205552337
REQUEST	Login	/	1694205552335	1694205552812	OK	 
REQUEST	Login	/login/?next=/	1694205552873	1694205553072	OK	 
REQUEST	Login	/login/	1694205553116	1694205554025	OK	 
REQUEST	Login	/login/ Redirect 1	1694205554029	1694205554231	OK	 
REQUEST	Login	/login/ Redirect 2	1694205554232	1694205554767	OK	 
REQUEST	Login	/datatables_ticket_list/__URL__	1694205554803	1694205555218	OK	 
GROUP	Login	1694205552313	1694205555412	2936	OK
REQUEST	User Creation	/system_settings/	1694205555413	1694205555570	OK	 
REQUEST	User Creation	/admin/auth/user/	1694205555571	1694205556239	OK	 
REQUEST	User Creation	/admin/auth/user/add/	1694205556240	1694205556429	OK	 
REQUEST	User Creation	POST /admin/auth/user/add/	1694205556434	1694205557051	OK	 
REQUEST	User Creation	POST /admin/auth/user/add/ Redirect 1	1694205557054	1694205557512	OK	 
REQUEST	User Creation	POST /admin/auth/user/_userId_/change/"	1694205557522	1694205557729	OK	 
REQUEST	User Creation	POST /admin/auth/user/_userId_/change/" Redirect 1	1694205557730	1694205558360	OK	 
REQUEST	User Creation	al	1694205558381	1694205558532	OK	 
GROUP	User Creation	1694205555413	1694205558533	3077	OK
REQUEST	Login	/	1694205558534	1694205558700	OK	 
REQUEST	Login	/ Redirect 1	1694205558700	1694205559011	OK	 
REQUEST	Login	/login/?next=/	1694205559012	1694205559148	OK	 
REQUEST	Login	/login/	1694205559151	1694205559736	OK	 
REQUEST	Login	/login/ Redirect 1	1694205559737	1694205559917	OK	 
REQUEST	Login	/login/ Redirect 2	1694205559917	1694205560365	OK	 
REQUEST	Login	/datatables_ticket_list/__URL__	1694205560371	1694205560809	OK	 
GROUP	Login	1694205558534	1694205560813	2269	OK
REQUEST	User Creation	/system_settings/	1694205560813	1694205560966	OK	 
REQUEST	User Creation	/admin/auth/user/	1694205560968	1694205561577	OK	 
REQUEST	User Creation	/admin/auth/user/add/	1694205561579	1694205561871	OK	 
REQUEST	User Creation	POST /admin/auth/user/add/	1694205561873	1694205562375	OK	 
REQUEST	User Creation	POST /admin/auth/user/add/ Redirect 1	1694205562376	1694205562714	OK	 
REQUEST	User Creation	POST /admin/auth/user/_userId_/change/"	1694205562718	1694205562962	OK	 
REQUEST	User Creation	POST /admin/auth/user/_userId_/change/" Redirect 1	1694205562963	1694205563457	OK	 
REQUEST	User Creation	al	1694205563461	1694205563571	OK	 
GROUP	User Creation	1694205560813	1694205563571	2742	OK
REQUEST	Login	/	1694205563571	1694205563749	OK	 
REQUEST	Login	/ Redirect 1	1694205563751	1694205564079	OK	 
REQUEST	Login	/login/?next=/	1694205564081	1694205564214	OK	 
REQUEST	Login	/login/	1694205564217	1694205564704	OK	 
REQUEST	Login	/login/ Redirect 1	1694205564706	1694205564887	OK	 
REQUEST	Login	/login/ Redirect 2	1694205564887	1694205565250	OK	 
REQUEST	Login	/datatables_ticket_list/__URL__	1694205565255	1694205565539	OK	 
GROUP	Login	1694205563571	1694205565547	1963	OK
REQUEST	User Creation	/system_settings/	1694205565548	1694205565703	OK	 
REQUEST	User Creation	/admin/auth/user/	1694205565705	1694205566373	OK	 
REQUEST	User Creation	/admin/auth/user/add/	1694205566375	1694205566546	OK	 
REQUEST	User Creation	POST /admin/auth/user/add/	1694205566549	1694205567110	OK	 
REQUEST	User Creation	POST /admin/auth/user/add/ Redirect 1	1694205567111	1694205567503	OK	 
REQUEST	User Creation	POST /admin/auth/user/_userId_/change/"	1694205567504	1694205567700	OK	 
REQUEST	User Creation	POST /admin/auth/user/_userId_/change/" Redirect 1	1694205567701	1694205568412	OK	 
REQUEST	User Creation	al	1694205568413	1694205568518	OK	 
GROUP	User Creation	1694205565547	1694205568519	2959	OK
REQUEST	Login	/	1694205568520	1694205568685	OK	 
REQUEST	Login	/ Redirect 1	1694205568686	1694205568978	OK	 
REQUEST	Login	/login/?next=/	1694205568979	1694205569113	OK	 
REQUEST	Login	/login/	1694205569115	1694205569622	OK	 
REQUEST	Login	/login/ Redirect 1	1694205569624	1694205569784	OK	 
REQUEST	Login	/login/ Redirect 2	1694205569785	1694205570092	OK	 
REQUEST	Login	/datatables_ticket_list/__URL__	1694205570095	1694205570412	OK	 
GROUP	Login	1694205568519	1694205570418	1888	OK
REQUEST	User Creation	/system_settings/	1694205570419	1694205570563	OK	 
REQUEST	User Creation	/admin/auth/user/	1694205570565	1694205571348	OK	 
REQUEST	User Creation	/admin/auth/user/add/	1694205571351	1694205571536	OK	 
REQUEST	User Creation	POST /admin/auth/user/add/	1694205571536	1694205572141	OK	 
REQUEST	User Creation	POST /admin/auth/user/add/ Redirect 1	1694205572143	1694205572467	OK	 
REQUEST	User Creation	POST /admin/auth/user/_userId_/change/"	1694205572470	1694205572668	OK	 
REQUEST	User Creation	POST /admin/auth/user/_userId_/change/" Redirect 1	1694205572669	1694205573367	OK	 
REQUEST	User Creation	al	1694205573373	1694205573480	OK	 
GROUP	User Creation	1694205570418	1694205573480	3044	OK
REQUEST	Login	/	1694205573481	1694205573653	OK	 
REQUEST	Login	/ Redirect 1	1694205573655	1694205574168	OK	 
REQUEST	Login	/login/?next=/	1694205574170	1694205574357	OK	 
REQUEST	Login	/login/	1694205574360	1694205574874	OK	 
REQUEST	Login	/login/ Redirect 1	1694205574875	1694205575029	OK	 
REQUEST	Login	/login/ Redirect 2	1694205575030	1694205575434	OK	 
REQUEST	Login	/datatables_ticket_list/__URL__	1694205575440	1694205575701	OK	 
GROUP	Login	1694205573480	1694205575707	2212	OK
REQUEST	User Creation	/system_settings/	1694205575708	1694205575864	OK	 
REQUEST	User Creation	/admin/auth/user/	1694205575865	1694205576624	OK	 
REQUEST	User Creation	/admin/auth/user/add/	1694205576625	1694205576916	OK	 
REQUEST	User Creation	POST /admin/auth/user/add/	1694205576917	1694205577452	OK	 
REQUEST	User Creation	POST /admin/auth/user/add/ Redirect 1	1694205577454	1694205577776	OK	 
REQUEST	User Creation	POST /admin/auth/user/_userId_/change/"	1694205577778	1694205577968	OK	 
REQUEST	User Creation	POST /admin/auth/user/_userId_/change/" Redirect 1	1694205577970	1694205578494	OK	 
REQUEST	User Creation	al	1694205578496	1694205578610	OK	 
GROUP	User Creation	1694205575707	1694205578610	2891	OK
REQUEST	Login	/	1694205578611	1694205578774	OK	 
REQUEST	Login	/ Redirect 1	1694205578774	1694205579117	OK	 
REQUEST	Login	/login/?next=/	1694205579118	1694205579259	OK	 
REQUEST	Login	/login/	1694205579261	1694205579721	OK	 
REQUEST	Login	/login/ Redirect 1	1694205579722	1694205579870	OK	 
REQUEST	Login	/login/ Redirect 2	1694205579871	1694205580149	OK	 
REQUEST	Login	/datatables_ticket_list/__URL__	1694205580151	1694205580455	OK	 
GROUP	Login	1694205578611	1694205580456	1838	OK
REQUEST	User Creation	/system_settings/	1694205580456	1694205580620	OK	 
REQUEST	User Creation	/admin/auth/user/	1694205580621	1694205581529	OK	 
REQUEST	User Creation	/admin/auth/user/add/	1694205581531	1694205581722	OK	 
REQUEST	User Creation	POST /admin/auth/user/add/	1694205581724	1694205582320	OK	 
REQUEST	User Creation	POST /admin/auth/user/add/ Redirect 1	1694205582321	1694205582628	OK	 
REQUEST	User Creation	POST /admin/auth/user/_userId_/change/"	1694205582629	1694205582833	OK	 
REQUEST	User Creation	POST /admin/auth/user/_userId_/change/" Redirect 1	1694205582834	1694205583474	OK	 
REQUEST	User Creation	al	1694205583479	1694205583592	OK	 
GROUP	User Creation	1694205580456	1694205583593	3123	OK
REQUEST	Login	/	1694205583594	1694205583760	OK	 
REQUEST	Login	/ Redirect 1	1694205583762	1694205584049	OK	 
REQUEST	Login	/login/?next=/	1694205584050	1694205584182	OK	 
REQUEST	Login	/login/	1694205584185	1694205585071	OK	 
REQUEST	Login	/login/ Redirect 1	1694205585072	1694205585223	OK	 
REQUEST	Login	/login/ Redirect 2	1694205585225	1694205585707	OK	 
REQUEST	Login	/datatables_ticket_list/__URL__	1694205585712	1694205586008	OK	 
GROUP	Login	1694205583593	1694205586013	2406	OK
REQUEST	User Creation	/system_settings/	1694205586014	1694205586158	OK	 
REQUEST	User Creation	/admin/auth/user/	1694205586159	1694205586779	OK	 
REQUEST	User Creation	/admin/auth/user/add/	1694205586780	1694205586955	OK	 
REQUEST	User Creation	POST /admin/auth/user/add/	1694205586958	1694205587446	OK	 
REQUEST	User Creation	POST /admin/auth/user/add/ Redirect 1	1694205587448	1694205587741	OK	 
REQUEST	User Creation	POST /admin/auth/user/_userId_/change/"	1694205587744	1694205587947	OK	 
REQUEST	User Creation	POST /admin/auth/user/_userId_/change/" Redirect 1	1694205587949	1694205588605	OK	 
REQUEST	User Creation	al	1694205588609	1694205588723	OK	 
GROUP	User Creation	1694205586013	1694205588723	2693	OK
REQUEST	Login	/	1694205588724	1694205588885	OK	 
REQUEST	Login	/ Redirect 1	1694205588887	1694205589174	OK	 
REQUEST	Login	/login/?next=/	1694205589176	1694205589315	OK	 
REQUEST	Login	/login/	1694205589318	1694205589802	OK	 
REQUEST	Login	/login/ Redirect 1	1694205589804	1694205589979	OK	 
REQUEST	Login	/login/ Redirect 2	1694205589980	1694205590256	OK	 
REQUEST	Login	/datatables_ticket_list/__URL__	1694205590258	1694205590533	OK	 
GROUP	Login	1694205588723	1694205590538	1802	OK
REQUEST	User Creation	/system_settings/	1694205590539	1694205590705	OK	 
REQUEST	User Creation	/admin/auth/user/	1694205590707	1694205591382	OK	 
REQUEST	User Creation	/admin/auth/user/add/	1694205591383	1694205591567	OK	 
REQUEST	User Creation	POST /admin/auth/user/add/	1694205591568	1694205592113	OK	 
REQUEST	User Creation	POST /admin/auth/user/add/ Redirect 1	1694205592115	1694205592413	OK	 
REQUEST	User Creation	POST /admin/auth/user/_userId_/change/"	1694205592416	1694205592626	OK	 
REQUEST	User Creation	POST /admin/auth/user/_userId_/change/" Redirect 1	1694205592627	1694205593265	OK	 
REQUEST	User Creation	al	1694205593269	1694205593375	OK	 
GROUP	User Creation	1694205590538	1694205593375	2822	OK
REQUEST	Login	/	1694205593376	1694205593532	OK	 
REQUEST	Login	/ Redirect 1	1694205593532	1694205593897	OK	 
REQUEST	Login	/login/?next=/	1694205593899	1694205594035	OK	 
REQUEST	Login	/login/	1694205594038	1694205594598	OK	 
REQUEST	Login	/login/ Redirect 1	1694205594600	1694205594757	OK	 
REQUEST	Login	/login/ Redirect 2	1694205594759	1694205595268	OK	 
REQUEST	Login	/datatables_ticket_list/__URL__	1694205595270	1694205595621	OK	 
GROUP	Login	1694205593375	1694205595622	2235	OK
REQUEST	User Creation	/system_settings/	1694205595622	1694205595766	OK	 
REQUEST	User Creation	/admin/auth/user/	1694205595768	1694205596313	OK	 
REQUEST	User Creation	/admin/auth/user/add/	1694205596315	1694205596556	OK	 
REQUEST	User Creation	POST /admin/auth/user/add/	1694205596557	1694205597096	OK	 
REQUEST	User Creation	POST /admin/auth/user/add/ Redirect 1	1694205597097	1694205597419	OK	 
REQUEST	User Creation	POST /admin/auth/user/_userId_/change/"	1694205597422	1694205597687	OK	 
REQUEST	User Creation	POST /admin/auth/user/_userId_/change/" Redirect 1	1694205597687	1694205598297	OK	 
REQUEST	User Creation	al	1694205598300	1694205598406	OK	 
GROUP	User Creation	1694205595622	1694205598406	2772	OK
REQUEST	Login	/	1694205598407	1694205598565	OK	 
REQUEST	Login	/ Redirect 1	1694205598565	1694205598910	OK	 
REQUEST	Login	/login/?next=/	1694205598912	1694205599050	OK	 
REQUEST	Login	/login/	1694205599052	1694205599606	OK	 
REQUEST	Login	/login/ Redirect 1	1694205599607	1694205599754	OK	 
REQUEST	Login	/login/ Redirect 2	1694205599755	1694205600134	OK	 
REQUEST	Login	/datatables_ticket_list/__URL__	1694205600138	1694205600449	OK	 
GROUP	Login	1694205598406	1694205600453	2037	OK
REQUEST	User Creation	/system_settings/	1694205600454	1694205600599	OK	 
REQUEST	User Creation	/admin/auth/user/	1694205600600	1694205601405	OK	 
REQUEST	User Creation	/admin/auth/user/add/	1694205601406	1694205601622	OK	 
REQUEST	User Creation	POST /admin/auth/user/add/	1694205601625	1694205602220	OK	 
REQUEST	User Creation	POST /admin/auth/user/add/ Redirect 1	1694205602221	1694205602538	OK	 
REQUEST	User Creation	POST /admin/auth/user/_userId_/change/"	1694205602542	1694205602887	OK	 
REQUEST	User Creation	POST /admin/auth/user/_userId_/change/" Redirect 1	1694205602889	1694205603530	OK	 
REQUEST	User Creation	al	1694205603534	1694205603640	OK	 
GROUP	User Creation	1694205600453	1694205603640	3170	OK
REQUEST	Login	/	1694205603641	1694205603838	OK	 
REQUEST	Login	/ Redirect 1	1694205603838	1694205604128	OK	 
REQUEST	Login	/login/?next=/	1694205604130	1694205604270	OK	 
REQUEST	Login	/login/	1694205604271	1694205604775	OK	 
REQUEST	Login	/login/ Redirect 1	1694205604777	1694205604943	OK	 
REQUEST	Login	/login/ Redirect 2	1694205604944	1694205605255	OK	 
REQUEST	Login	/datatables_ticket_list/__URL__	1694205605259	1694205605900	OK	 
GROUP	Login	1694205603640	1694205605902	2251	OK
REQUEST	User Creation	/system_settings/	1694205605902	1694205606058	OK	 
REQUEST	User Creation	/admin/auth/user/	1694205606060	1694205606644	OK	 
REQUEST	User Creation	/admin/auth/user/add/	1694205606644	1694205606827	OK	 
REQUEST	User Creation	POST /admin/auth/user/add/	1694205606828	1694205607346	OK	 
REQUEST	User Creation	POST /admin/auth/user/add/ Redirect 1	1694205607348	1694205607695	OK	 
REQUEST	User Creation	POST /admin/auth/user/_userId_/change/"	1694205607697	1694205607877	OK	 
REQUEST	User Creation	POST /admin/auth/user/_userId_/change/" Redirect 1	1694205607878	1694205608404	OK	 
REQUEST	User Creation	al	1694205608419	1694205608540	OK	 
GROUP	User Creation	1694205605902	1694205608540	2615	OK
REQUEST	Login	/	1694205608541	1694205608691	OK	 
REQUEST	Login	/ Redirect 1	1694205608692	1694205609059	OK	 
REQUEST	Login	/login/?next=/	1694205609061	1694205609234	OK	 
REQUEST	Login	/login/	1694205609235	1694205609751	OK	 
REQUEST	Login	/login/ Redirect 1	1694205609753	1694205609902	OK	 
REQUEST	Login	/login/ Redirect 2	1694205609903	1694205610192	OK	 
REQUEST	Login	/datatables_ticket_list/__URL__	1694205610194	1694205610490	OK	 
GROUP	Login	1694205608540	1694205610493	1943	OK
REQUEST	User Creation	/system_settings/	1694205610494	1694205610638	OK	 
REQUEST	User Creation	/admin/auth/user/	1694205610639	1694205611401	OK	 
REQUEST	User Creation	/admin/auth/user/add/	1694205611403	1694205611572	OK	 
REQUEST	User Creation	POST /admin/auth/user/add/	1694205611573	1694205612236	OK	 
REQUEST	User Creation	POST /admin/auth/user/add/ Redirect 1	1694205612236	1694205612547	OK	 
REQUEST	User Creation	POST /admin/auth/user/_userId_/change/"	1694205612549	1694205612765	OK	 
REQUEST	User Creation	POST /admin/auth/user/_userId_/change/" Redirect 1	1694205612767	1694205613537	OK	 
REQUEST	User Creation	al	1694205613540	1694205613652	OK	 
GROUP	User Creation	1694205610493	1694205613652	3147	OK
REQUEST	Login	/	1694205613653	1694205613809	OK	 
REQUEST	Login	/ Redirect 1	1694205613810	1694205614099	OK	 
REQUEST	Login	/login/?next=/	1694205614100	1694205614239	OK	 
REQUEST	Login	/login/	1694205614241	1694205614816	OK	 
REQUEST	Login	/login/ Redirect 1	1694205614817	1694205614976	OK	 
REQUEST	Login	/login/ Redirect 2	1694205614976	1694205615285	OK	 
REQUEST	Login	/datatables_ticket_list/__URL__	1694205615289	1694205615661	OK	 
GROUP	Login	1694205613653	1694205615662	2000	OK
REQUEST	User Creation	/system_settings/	1694205615663	1694205615808	OK	 
REQUEST	User Creation	/admin/auth/user/	1694205615808	1694205616650	OK	 
REQUEST	User Creation	/admin/auth/user/add/	1694205616652	1694205616824	OK	 
REQUEST	User Creation	POST /admin/auth/user/add/	1694205616825	1694205617343	OK	 
REQUEST	User Creation	POST /admin/auth/user/add/ Redirect 1	1694205617344	1694205617735	OK	 
REQUEST	User Creation	POST /admin/auth/user/_userId_/change/"	1694205617738	1694205617934	OK	 
REQUEST	User Creation	POST /admin/auth/user/_userId_/change/" Redirect 1	1694205617935	1694205618453	OK	 
REQUEST	User Creation	al	1694205618456	1694205618561	OK	 
GROUP	User Creation	1694205615662	1694205618561	2887	OK
REQUEST	Login	/	1694205618562	1694205618720	OK	 
REQUEST	Login	/ Redirect 1	1694205618721	1694205619007	OK	 
REQUEST	Login	/login/?next=/	1694205619009	1694205619232	OK	 
REQUEST	Login	/login/	1694205619234	1694205619751	OK	 
REQUEST	Login	/login/ Redirect 1	1694205619752	1694205619914	OK	 
REQUEST	Login	/login/ Redirect 2	1694205619915	1694205620205	OK	 
REQUEST	Login	/datatables_ticket_list/__URL__	1694205620207	1694205620492	OK	 
GROUP	Login	1694205618561	1694205620493	1922	OK
REQUEST	User Creation	/system_settings/	1694205620493	1694205620642	OK	 
REQUEST	User Creation	/admin/auth/user/	1694205620644	1694205621279	OK	 
REQUEST	User Creation	/admin/auth/user/add/	1694205621281	1694205621474	OK	 
REQUEST	User Creation	POST /admin/auth/user/add/	1694205621476	1694205622023	OK	 
REQUEST	User Creation	POST /admin/auth/user/add/ Redirect 1	1694205622024	1694205622327	OK	 
REQUEST	User Creation	POST /admin/auth/user/_userId_/change/"	1694205622330	1694205622535	OK	 
REQUEST	User Creation	POST /admin/auth/user/_userId_/change/" Redirect 1	1694205622536	1694205623175	OK	 
REQUEST	User Creation	al	1694205623176	1694205623279	OK	 
GROUP	User Creation	1694205620493	1694205623280	2774	OK
REQUEST	Login	/	1694205623281	1694205623439	OK	 
REQUEST	Login	/ Redirect 1	1694205623440	1694205623720	OK	 
REQUEST	Login	/login/?next=/	1694205623723	1694205623881	OK	 
REQUEST	Login	/login/	1694205623883	1694205624421	OK	 
REQUEST	Login	/login/ Redirect 1	1694205624422	1694205624573	OK	 
REQUEST	Login	/login/ Redirect 2	1694205624574	1694205624849	OK	 
REQUEST	Login	/datatables_ticket_list/__URL__	1694205624852	1694205625139	OK	 
GROUP	Login	1694205623280	1694205625142	1851	OK
REQUEST	User Creation	/system_settings/	1694205625143	1694205625305	OK	 
REQUEST	User Creation	/admin/auth/user/	1694205625305	1694205625798	OK	 
REQUEST	User Creation	/admin/auth/user/add/	1694205625800	1694205625977	OK	 
REQUEST	User Creation	POST /admin/auth/user/add/	1694205625977	1694205626752	OK	 
REQUEST	User Creation	POST /admin/auth/user/add/ Redirect 1	1694205626752	1694205627073	OK	 
REQUEST	User Creation	POST /admin/auth/user/_userId_/change/"	1694205627075	1694205627267	OK	 
REQUEST	User Creation	POST /admin/auth/user/_userId_/change/" Redirect 1	1694205627267	1694205627922	OK	 
REQUEST	User Creation	al	1694205627926	1694205628037	OK	 
GROUP	User Creation	1694205625142	1694205628037	2886	OK
REQUEST	Login	/	1694205628038	1694205628190	OK	 
REQUEST	Login	/ Redirect 1	1694205628190	1694205628474	OK	 
REQUEST	Login	/login/?next=/	1694205628475	1694205628618	OK	 
REQUEST	Login	/login/	1694205628620	1694205629148	OK	 
REQUEST	Login	/login/ Redirect 1	1694205629149	1694205629313	OK	 
REQUEST	Login	/login/ Redirect 2	1694205629313	1694205629595	OK	 
REQUEST	Login	/datatables_ticket_list/__URL__	1694205629598	1694205629945	OK	 
GROUP	Login	1694205628038	1694205629946	1901	OK
REQUEST	User Creation	/system_settings/	1694205629947	1694205630096	OK	 
REQUEST	User Creation	/admin/auth/user/	1694205630097	1694205630635	OK	 
REQUEST	User Creation	/admin/auth/user/add/	1694205630636	1694205630953	OK	 
REQUEST	User Creation	POST /admin/auth/user/add/	1694205630954	1694205631432	OK	 
REQUEST	User Creation	POST /admin/auth/user/add/ Redirect 1	1694205631434	1694205631730	OK	 
REQUEST	User Creation	POST /admin/auth/user/_userId_/change/"	1694205631732	1694205631948	OK	 
REQUEST	User Creation	POST /admin/auth/user/_userId_/change/" Redirect 1	1694205631949	1694205632495	OK	 
REQUEST	User Creation	al	1694205632499	1694205632607	OK	 
GROUP	User Creation	1694205629947	1694205632608	2648	OK
REQUEST	Login	/	1694205632608	1694205632761	OK	 
REQUEST	Login	/ Redirect 1	1694205632762	1694205633126	OK	 
REQUEST	Login	/login/?next=/	1694205633128	1694205633260	OK	 
REQUEST	Login	/login/	1694205633262	1694205633732	OK	 
REQUEST	Login	/login/ Redirect 1	1694205633733	1694205633887	OK	 
REQUEST	Login	/login/ Redirect 2	1694205633888	1694205634197	OK	 
REQUEST	Login	/datatables_ticket_list/__URL__	1694205634201	1694205634513	OK	 
GROUP	Login	1694205632608	1694205634517	1899	OK
REQUEST	User Creation	/system_settings/	1694205634517	1694205634665	OK	 
REQUEST	User Creation	/admin/auth/user/	1694205634666	1694205635253	OK	 
REQUEST	User Creation	/admin/auth/user/add/	1694205635254	1694205635549	OK	 
REQUEST	User Creation	POST /admin/auth/user/add/	1694205635551	1694205636076	OK	 
REQUEST	User Creation	POST /admin/auth/user/add/ Redirect 1	1694205636077	1694205636464	OK	 
REQUEST	User Creation	POST /admin/auth/user/_userId_/change/"	1694205636467	1694205636662	OK	 
REQUEST	User Creation	POST /admin/auth/user/_userId_/change/" Redirect 1	1694205636663	1694205637636	OK	 
REQUEST	User Creation	al	1694205637637	1694205637741	OK	 
GROUP	User Creation	1694205634517	1694205637742	3214	OK
REQUEST	Login	/	1694205637743	1694205637905	OK	 
REQUEST	Login	/ Redirect 1	1694205637905	1694205638215	OK	 
REQUEST	Login	/login/?next=/	1694205638217	1694205638367	OK	 
REQUEST	Login	/login/	1694205638370	1694205638905	OK	 
REQUEST	Login	/login/ Redirect 1	1694205638906	1694205639072	OK	 
REQUEST	Login	/login/ Redirect 2	1694205639072	1694205639374	OK	 
REQUEST	Login	/datatables_ticket_list/__URL__	1694205639376	1694205639747	OK	 
GROUP	Login	1694205637742	1694205639750	1999	OK
REQUEST	User Creation	/system_settings/	1694205639751	1694205639891	OK	 
REQUEST	User Creation	/admin/auth/user/	1694205639892	1694205640394	OK	 
REQUEST	User Creation	/admin/auth/user/add/	1694205640395	1694205640607	OK	 
REQUEST	User Creation	POST /admin/auth/user/add/	1694205640609	1694205641324	OK	 
REQUEST	User Creation	POST /admin/auth/user/add/ Redirect 1	1694205641325	1694205641671	OK	 
REQUEST	User Creation	POST /admin/auth/user/_userId_/change/"	1694205641674	1694205641853	OK	 
REQUEST	User Creation	POST /admin/auth/user/_userId_/change/" Redirect 1	1694205641855	1694205642486	OK	 
REQUEST	User Creation	al	1694205642487	1694205642591	OK	 
GROUP	User Creation	1694205639750	1694205642591	2829	OK
REQUEST	Login	/	1694205642592	1694205642744	OK	 
REQUEST	Login	/ Redirect 1	1694205642744	1694205643063	OK	 
REQUEST	Login	/login/?next=/	1694205643064	1694205643247	OK	 
REQUEST	Login	/login/	1694205643253	1694205643767	OK	 
REQUEST	Login	/login/ Redirect 1	1694205643769	1694205643921	OK	 
REQUEST	Login	/login/ Redirect 2	1694205643922	1694205644346	OK	 
REQUEST	Login	/datatables_ticket_list/__URL__	1694205644350	1694205644646	OK	 
GROUP	Login	1694205642591	1694205644649	2044	OK
REQUEST	User Creation	/system_settings/	1694205644650	1694205644795	OK	 
REQUEST	User Creation	/admin/auth/user/	1694205644796	1694205645316	OK	 
REQUEST	User Creation	/admin/auth/user/add/	1694205645317	1694205645494	OK	 
REQUEST	User Creation	POST /admin/auth/user/add/	1694205645495	1694205645985	OK	 
REQUEST	User Creation	POST /admin/auth/user/add/ Redirect 1	1694205645986	1694205646296	OK	 
REQUEST	User Creation	POST /admin/auth/user/_userId_/change/"	1694205646298	1694205646536	OK	 
REQUEST	User Creation	POST /admin/auth/user/_userId_/change/" Redirect 1	1694205646537	1694205647045	OK	 
REQUEST	User Creation	al	1694205647049	1694205647152	OK	 
GROUP	User Creation	1694205644649	1694205647152	2491	OK
REQUEST	Login	/	1694205647153	1694205647344	OK	 
REQUEST	Login	/ Redirect 1	1694205647345	1694205647892	OK	 
REQUEST	Login	/login/?next=/	1694205647893	1694205648037	OK	 
REQUEST	Login	/login/	1694205648039	1694205648656	OK	 
REQUEST	Login	/login/ Redirect 1	1694205648657	1694205648823	OK	 
REQUEST	Login	/login/ Redirect 2	1694205648824	1694205649199	OK	 
REQUEST	Login	/datatables_ticket_list/__URL__	1694205649202	1694205649496	OK	 
GROUP	Login	1694205647152	1694205649500	2338	OK
REQUEST	User Creation	/system_settings/	1694205649501	1694205649659	OK	 
REQUEST	User Creation	/admin/auth/user/	1694205649659	1694205650287	OK	 
REQUEST	User Creation	/admin/auth/user/add/	1694205650288	1694205650471	OK	 
REQUEST	User Creation	POST /admin/auth/user/add/	1694205650473	1694205651202	OK	 
REQUEST	User Creation	POST /admin/auth/user/add/ Redirect 1	1694205651204	1694205651518	OK	 
REQUEST	User Creation	POST /admin/auth/user/_userId_/change/"	1694205651520	1694205651722	OK	 
REQUEST	User Creation	POST /admin/auth/user/_userId_/change/" Redirect 1	1694205651722	1694205652424	OK	 
REQUEST	User Creation	al	1694205652427	1694205652531	OK	 
GROUP	User Creation	1694205649500	1694205652531	3020	OK
USER	Create User	END	1694205652538
