RUN	helpdesk.HelpdeskSimulation	helpdesksimulation	1693163028699	 	3.9.5
USER	Create Ticket	START	1693163029469
REQUEST	Login	/	1693163029489	1693163029736	OK	 
REQUEST	Login	/login/?next=/	1693163029775	1693163030041	OK	 
REQUEST	Login	/login/	1693163030063	1693163030683	OK	 
REQUEST	Login	/login/ Redirect 1	1693163030691	1693163030865	OK	 
REQUEST	Login	/login/ Redirect 2	1693163030867	1693163031162	OK	 
REQUEST	Login	/datatables_ticket_list/__URL__	1693163031211	1693163031503	OK	 
GROUP	Login	1693163029467	1693163031623	2018	OK
REQUEST	Create Ticket	/tickets/submit/	1693163031624	1693163032222	OK	 
REQUEST	Create Ticket	POST /tickets/submit/	1693163032241	1693163032464	OK	 
REQUEST	Create Ticket	POST /tickets/submit/ Redirect 1	1693163032466	1693163032882	OK	 
GROUP	Create Ticket	1693163031624	1693163032883	1237	OK
REQUEST	Login	/	1693163032888	1693163033055	OK	 
REQUEST	Login	/ Redirect 1	1693163033056	1693163033446	OK	 
REQUEST	Login	/login/?next=/	1693163033448	1693163033615	OK	 
REQUEST	Login	/login/	1693163033617	1693163034197	OK	 
REQUEST	Login	/login/ Redirect 1	1693163034199	1693163034368	OK	 
REQUEST	Login	/login/ Redirect 2	1693163034370	1693163035007	OK	 
REQUEST	Login	/datatables_ticket_list/__URL__	1693163035012	1693163035451	OK	 
GROUP	Login	1693163032885	1693163035462	2560	OK
REQUEST	Create Ticket	/tickets/submit/	1693163035463	1693163035894	OK	 
REQUEST	Create Ticket	POST /tickets/submit/	1693163035896	1693163036116	OK	 
REQUEST	Create Ticket	POST /tickets/submit/ Redirect 1	1693163036117	1693163036663	OK	 
GROUP	Create Ticket	1693163035462	1693163036666	1197	OK
REQUEST	Login	/	1693163036672	1693163036866	OK	 
REQUEST	Login	/ Redirect 1	1693163036867	1693163037877	OK	 
REQUEST	Login	/login/?next=/	1693163037879	1693163038039	OK	 
REQUEST	Login	/login/	1693163038040	1693163038676	OK	 
REQUEST	Login	/login/ Redirect 1	1693163038678	1693163038852	OK	 
REQUEST	Login	/login/ Redirect 2	1693163038853	1693163039274	OK	 
REQUEST	Login	/datatables_ticket_list/__URL__	1693163039278	1693163039611	OK	 
GROUP	Login	1693163036670	1693163039619	2936	OK
REQUEST	Create Ticket	/tickets/submit/	1693163039619	1693163039874	OK	 
REQUEST	Create Ticket	POST /tickets/submit/	1693163039876	1693163040085	OK	 
REQUEST	Create Ticket	POST /tickets/submit/ Redirect 1	1693163040086	1693163040436	OK	 
GROUP	Create Ticket	1693163039619	1693163040437	814	OK
REQUEST	Login	/	1693163040440	1693163040616	OK	 
REQUEST	Login	/ Redirect 1	1693163040617	1693163041503	OK	 
REQUEST	Login	/login/?next=/	1693163041505	1693163041996	OK	 
REQUEST	Login	/login/	1693163041999	1693163042513	OK	 
REQUEST	Login	/login/ Redirect 1	1693163042514	1693163042683	OK	 
REQUEST	Login	/login/ Redirect 2	1693163042684	1693163043690	OK	 
REQUEST	Login	/datatables_ticket_list/__URL__	1693163043694	1693163044103	OK	 
GROUP	Login	1693163040438	1693163044109	3658	OK
REQUEST	Create Ticket	/tickets/submit/	1693163044110	1693163044474	OK	 
REQUEST	Create Ticket	POST /tickets/submit/	1693163044476	1693163044689	OK	 
REQUEST	Create Ticket	POST /tickets/submit/ Redirect 1	1693163044690	1693163045163	OK	 
GROUP	Create Ticket	1693163044109	1693163045164	1050	OK
REQUEST	Login	/	1693163045165	1693163045335	OK	 
REQUEST	Login	/ Redirect 1	1693163045336	1693163046703	OK	 
REQUEST	Login	/login/?next=/	1693163046705	1693163046860	OK	 
REQUEST	Login	/login/	1693163046863	1693163047786	OK	 
REQUEST	Login	/login/ Redirect 1	1693163047788	1693163047954	OK	 
REQUEST	Login	/login/ Redirect 2	1693163047955	1693163048932	OK	 
REQUEST	Login	/datatables_ticket_list/__URL__	1693163048936	1693163049346	OK	 
GROUP	Login	1693163045164	1693163049347	4170	OK
REQUEST	Create Ticket	/tickets/submit/	1693163049348	1693163049658	OK	 
REQUEST	Create Ticket	POST /tickets/submit/	1693163049660	1693163049866	OK	 
REQUEST	Create Ticket	POST /tickets/submit/ Redirect 1	1693163049867	1693163050298	OK	 
GROUP	Create Ticket	1693163049347	1693163050298	947	OK
REQUEST	Login	/	1693163050299	1693163050503	OK	 
REQUEST	Login	/ Redirect 1	1693163050504	1693163051139	OK	 
REQUEST	Login	/login/?next=/	1693163051141	1693163051326	OK	 
REQUEST	Login	/login/	1693163051328	1693163051954	OK	 
REQUEST	Login	/login/ Redirect 1	1693163051955	1693163052124	OK	 
REQUEST	Login	/login/ Redirect 2	1693163052125	1693163052711	OK	 
REQUEST	Login	/datatables_ticket_list/__URL__	1693163052715	1693163052995	OK	 
GROUP	Login	1693163050299	1693163053000	2691	OK
REQUEST	Create Ticket	/tickets/submit/	1693163053001	1693163053256	OK	 
REQUEST	Create Ticket	POST /tickets/submit/	1693163053258	1693163053455	OK	 
REQUEST	Create Ticket	POST /tickets/submit/ Redirect 1	1693163053456	1693163053860	OK	 
GROUP	Create Ticket	1693163053000	1693163053862	856	OK
REQUEST	Login	/	1693163053864	1693163054030	OK	 
REQUEST	Login	/ Redirect 1	1693163054031	1693163054502	OK	 
REQUEST	Login	/login/?next=/	1693163054503	1693163054698	OK	 
REQUEST	Login	/login/	1693163054701	1693163055185	OK	 
REQUEST	Login	/login/ Redirect 1	1693163055186	1693163055358	OK	 
REQUEST	Login	/login/ Redirect 2	1693163055359	1693163056057	OK	 
REQUEST	Login	/datatables_ticket_list/__URL__	1693163056058	1693163056498	OK	 
GROUP	Login	1693163053863	1693163056499	2627	OK
REQUEST	Create Ticket	/tickets/submit/	1693163056500	1693163057155	OK	 
REQUEST	Create Ticket	POST /tickets/submit/	1693163057157	1693163057369	OK	 
REQUEST	Create Ticket	POST /tickets/submit/ Redirect 1	1693163057369	1693163057790	OK	 
GROUP	Create Ticket	1693163056499	1693163057791	1288	OK
REQUEST	Login	/	1693163057792	1693163057961	OK	 
REQUEST	Login	/ Redirect 1	1693163057962	1693163058793	OK	 
REQUEST	Login	/login/?next=/	1693163058795	1693163058953	OK	 
REQUEST	Login	/login/	1693163058956	1693163059870	OK	 
REQUEST	Login	/login/ Redirect 1	1693163059872	1693163060047	OK	 
REQUEST	Login	/login/ Redirect 2	1693163060048	1693163060901	OK	 
REQUEST	Login	/datatables_ticket_list/__URL__	1693163060903	1693163061287	OK	 
GROUP	Login	1693163057792	1693163061290	3487	OK
REQUEST	Create Ticket	/tickets/submit/	1693163061291	1693163061678	OK	 
REQUEST	Create Ticket	POST /tickets/submit/	1693163061679	1693163062462	OK	 
REQUEST	Create Ticket	POST /tickets/submit/ Redirect 1	1693163062463	1693163063154	OK	 
GROUP	Create Ticket	1693163061290	1693163063155	1861	OK
REQUEST	Login	/	1693163063156	1693163063330	OK	 
REQUEST	Login	/ Redirect 1	1693163063330	1693163064190	OK	 
REQUEST	Login	/login/?next=/	1693163064192	1693163064438	OK	 
REQUEST	Login	/login/	1693163064440	1693163065050	OK	 
REQUEST	Login	/login/ Redirect 1	1693163065051	1693163065223	OK	 
REQUEST	Login	/login/ Redirect 2	1693163065224	1693163065828	OK	 
REQUEST	Login	/datatables_ticket_list/__URL__	1693163065832	1693163066297	OK	 
GROUP	Login	1693163063155	1693163066301	3136	OK
REQUEST	Create Ticket	/tickets/submit/	1693163066301	1693163066817	OK	 
REQUEST	Create Ticket	POST /tickets/submit/	1693163066818	1693163067029	OK	 
REQUEST	Create Ticket	POST /tickets/submit/ Redirect 1	1693163067030	1693163067778	OK	 
GROUP	Create Ticket	1693163066301	1693163067779	1475	OK
REQUEST	Login	/	1693163067780	1693163067959	OK	 
REQUEST	Login	/ Redirect 1	1693163067960	1693163068960	OK	 
REQUEST	Login	/login/?next=/	1693163068961	1693163069212	OK	 
REQUEST	Login	/login/	1693163069214	1693163069867	OK	 
REQUEST	Login	/login/ Redirect 1	1693163069868	1693163070040	OK	 
REQUEST	Login	/login/ Redirect 2	1693163070041	1693163070986	OK	 
REQUEST	Login	/datatables_ticket_list/__URL__	1693163070987	1693163071361	OK	 
GROUP	Login	1693163067779	1693163071364	3577	OK
REQUEST	Create Ticket	/tickets/submit/	1693163071365	1693163071793	OK	 
REQUEST	Create Ticket	POST /tickets/submit/	1693163071795	1693163072018	OK	 
REQUEST	Create Ticket	POST /tickets/submit/ Redirect 1	1693163072019	1693163072530	OK	 
GROUP	Create Ticket	1693163071364	1693163072531	1162	OK
USER	Create Ticket	END	1693163072535
